2024-05-10 09:49:35,487 INFO o.a.j.u.JMeterUtils: Setting Locale to en_EN
2024-05-10 09:49:35,513 INFO o.a.j.JMeter: Loading user properties from: C:\Users\L41561691R\curso\apache-jmeter-5.6.3\apache-jmeter-5.6.3\bin\user.properties
2024-05-10 09:49:35,514 INFO o.a.j.JMeter: Loading system properties from: C:\Users\L41561691R\curso\apache-jmeter-5.6.3\apache-jmeter-5.6.3\bin\system.properties
2024-05-10 09:49:35,519 INFO o.a.j.JMeter: Copyright (c) 1998-2024 The Apache Software Foundation
2024-05-10 09:49:35,519 INFO o.a.j.JMeter: Version 5.6.3
2024-05-10 09:49:35,519 INFO o.a.j.JMeter: java.version=22
2024-05-10 09:49:35,519 INFO o.a.j.JMeter: java.vm.name=Java HotSpot(TM) 64-Bit Server VM
2024-05-10 09:49:35,519 INFO o.a.j.JMeter: os.name=Windows 11
2024-05-10 09:49:35,522 INFO o.a.j.JMeter: os.arch=amd64
2024-05-10 09:49:35,522 INFO o.a.j.JMeter: os.version=10.0
2024-05-10 09:49:35,522 INFO o.a.j.JMeter: file.encoding=UTF-8
2024-05-10 09:49:35,522 INFO o.a.j.JMeter: java.awt.headless=true
2024-05-10 09:49:35,522 INFO o.a.j.JMeter: Max memory     =1073741824
2024-05-10 09:49:35,522 INFO o.a.j.JMeter: Available Processors =12
2024-05-10 09:49:35,533 INFO o.a.j.JMeter: Default Locale=English (EN)
2024-05-10 09:49:35,533 INFO o.a.j.JMeter: JMeter  Locale=English (EN)
2024-05-10 09:49:35,533 INFO o.a.j.JMeter: JMeterHome=C:\Users\L41561691R\curso\apache-jmeter-5.6.3\apache-jmeter-5.6.3
2024-05-10 09:49:35,533 INFO o.a.j.JMeter: user.dir  =C:\Users\L41561691R\curso\vs code\git\testing_qa_logirail\Pruebas
2024-05-10 09:49:35,534 INFO o.a.j.JMeter: PWD       =C:\Users\L41561691R\curso\vs code\git\testing_qa_logirail\Pruebas
2024-05-10 09:49:35,609 INFO o.a.j.JMeter: IP: 192.168.1.31 Name: LPC1139 FullName: LPC1139.lan
2024-05-10 09:49:35,620 INFO o.a.j.JMeter: Setting property 'jmeter.reportgenerator.outputdir' to:'C:\Users\L41561691R\curso\vs code\git\testing_qa_logirail\Pruebas\informe'
2024-05-10 09:49:35,623 INFO o.a.j.s.FileServer: Default base='C:\Users\L41561691R\curso\vs code\git\testing_qa_logirail\Pruebas'
2024-05-10 09:49:35,627 INFO o.a.j.s.FileServer: Set new base='C:\Users\L41561691R\curso\vs code\git\testing_qa_logirail\Pruebas'
2024-05-10 09:49:35,867 INFO o.a.j.s.SaveService: Testplan (JMX) version: 2.2. Testlog (JTL) version: 2.2
2024-05-10 09:49:35,905 INFO o.a.j.s.SaveService: Using SaveService properties version 5.0
2024-05-10 09:49:35,908 INFO o.a.j.s.SaveService: Using SaveService properties file encoding UTF-8
2024-05-10 09:49:35,913 INFO o.a.j.s.SaveService: Loading file: Mantenimiento.jmx
2024-05-10 09:49:35,978 INFO o.a.j.p.h.s.HTTPSamplerBase: Parser for text/html is org.apache.jmeter.protocol.http.parser.LagartoBasedHtmlParser
2024-05-10 09:49:35,978 INFO o.a.j.p.h.s.HTTPSamplerBase: Parser for application/xhtml+xml is org.apache.jmeter.protocol.http.parser.LagartoBasedHtmlParser
2024-05-10 09:49:35,978 INFO o.a.j.p.h.s.HTTPSamplerBase: Parser for application/xml is org.apache.jmeter.protocol.http.parser.LagartoBasedHtmlParser
2024-05-10 09:49:35,978 INFO o.a.j.p.h.s.HTTPSamplerBase: Parser for text/xml is org.apache.jmeter.protocol.http.parser.LagartoBasedHtmlParser
2024-05-10 09:49:35,978 INFO o.a.j.p.h.s.HTTPSamplerBase: Parser for text/vnd.wap.wml is org.apache.jmeter.protocol.http.parser.RegexpHTMLParser
2024-05-10 09:49:35,978 INFO o.a.j.p.h.s.HTTPSamplerBase: Parser for text/css is org.apache.jmeter.protocol.http.parser.CssParser
2024-05-10 09:49:36,015 INFO o.a.j.JMeter: Creating summariser <summary>
2024-05-10 09:49:36,018 INFO o.a.j.r.d.ReportGenerator: ReportGenerator will use for Parsing the separator: ','
2024-05-10 09:49:36,019 INFO o.a.j.r.d.ReportGenerator: Will generate report at end of test from  results file: Mantenimiento.jtl
2024-05-10 09:49:36,019 INFO o.a.j.r.d.ReportGenerator: Reading report generator properties from: C:\Users\L41561691R\curso\apache-jmeter-5.6.3\apache-jmeter-5.6.3\bin\reportgenerator.properties
2024-05-10 09:49:36,020 INFO o.a.j.r.d.ReportGenerator: Merging with JMeter properties
2024-05-10 09:49:36,025 INFO o.a.j.r.c.ReportGeneratorConfiguration: Property 'jmeter.reportgenerator.temp_dir' not found, using default value 'temp' instead.
2024-05-10 09:49:36,029 INFO o.a.j.r.c.ReportGeneratorConfiguration: Property 'jmeter.reportgenerator.apdex_per_transaction' not found, using default value 'null' instead.
2024-05-10 09:49:36,029 INFO o.a.j.r.c.ReportGeneratorConfiguration: apdex_per_transaction is empty, not APDEX per transaction customization
2024-05-10 09:49:36,029 INFO o.a.j.r.c.ReportGeneratorConfiguration: Property 'jmeter.reportgenerator.sample_filter' not found, using default value 'null' instead.
2024-05-10 09:49:36,029 INFO o.a.j.r.c.ReportGeneratorConfiguration: Property 'jmeter.reportgenerator.report_title' not found, using default value 'null' instead.
2024-05-10 09:49:36,029 INFO o.a.j.r.c.ReportGeneratorConfiguration: Property 'jmeter.reportgenerator.start_date' not found, using default value 'null' instead.
2024-05-10 09:49:36,029 INFO o.a.j.r.c.ReportGeneratorConfiguration: Property 'jmeter.reportgenerator.end_date' not found, using default value 'null' instead.
2024-05-10 09:49:36,029 INFO o.a.j.r.c.ReportGeneratorConfiguration: Property 'jmeter.reportgenerator.date_format' not found, using default value 'null' instead.
2024-05-10 09:49:36,029 INFO o.a.j.r.c.ReportGeneratorConfiguration: Will use date range start date: null, end date: null
2024-05-10 09:49:36,033 INFO o.a.j.r.c.ReportGeneratorConfiguration: Property 'jmeter.reportgenerator.graph.totalTPS.exclude_controllers' not found, using default value 'false' instead.
2024-05-10 09:49:36,033 INFO o.a.j.r.c.ReportGeneratorConfiguration: Property 'jmeter.reportgenerator.graph.activeThreadsOverTime.exclude_controllers' not found, using default value 'false' instead.
2024-05-10 09:49:36,033 INFO o.a.j.r.c.ReportGeneratorConfiguration: Property 'jmeter.reportgenerator.graph.timeVsThreads.exclude_controllers' not found, using default value 'false' instead.
2024-05-10 09:49:36,033 INFO o.a.j.r.c.ReportGeneratorConfiguration: Property 'jmeter.reportgenerator.graph.responseTimeDistribution.exclude_controllers' not found, using default value 'false' instead.
2024-05-10 09:49:36,033 INFO o.a.j.r.c.ReportGeneratorConfiguration: Property 'jmeter.reportgenerator.graph.transactionsPerSecond.exclude_controllers' not found, using default value 'false' instead.
2024-05-10 09:49:36,033 INFO o.a.j.r.c.ReportGeneratorConfiguration: Property 'jmeter.reportgenerator.graph.responseTimePercentiles.exclude_controllers' not found, using default value 'false' instead.
2024-05-10 09:49:36,033 INFO o.a.j.r.c.ReportGeneratorConfiguration: Property 'jmeter.reportgenerator.graph.responseTimePercentilesOverTime.exclude_controllers' not found, using default value 'false' instead.
2024-05-10 09:49:36,033 INFO o.a.j.r.c.ReportGeneratorConfiguration: Property 'jmeter.reportgenerator.graph.responseTimesOverTime.exclude_controllers' not found, using default value 'false' instead.
2024-05-10 09:49:36,033 INFO o.a.j.r.c.ReportGeneratorConfiguration: Property 'jmeter.reportgenerator.graph.connectTimeOverTime.exclude_controllers' not found, using default value 'false' instead.
2024-05-10 09:49:36,033 INFO o.a.j.r.c.ReportGeneratorConfiguration: Property 'jmeter.reportgenerator.graph.latenciesOverTime.exclude_controllers' not found, using default value 'false' instead.
2024-05-10 09:49:36,035 INFO o.a.j.r.c.ReportGeneratorConfiguration: Property 'jmeter.reportgenerator.exporter.json.filters_only_sample_series' not found, using default value 'true' instead.
2024-05-10 09:49:36,035 INFO o.a.j.r.c.ReportGeneratorConfiguration: Property 'jmeter.reportgenerator.exporter.json.series_filter' not found, using default value '' instead.
2024-05-10 09:49:36,035 INFO o.a.j.r.c.ReportGeneratorConfiguration: Property 'jmeter.reportgenerator.exporter.json.show_controllers_only' not found, using default value 'false' instead.
2024-05-10 09:49:36,035 INFO o.a.j.r.c.ReportGeneratorConfiguration: Property 'jmeter.reportgenerator.exporter.html.filters_only_sample_series' not found, using default value 'true' instead.
2024-05-10 09:49:36,035 INFO o.a.j.r.c.ReportGeneratorConfiguration: Property 'jmeter.reportgenerator.exporter.html.series_filter' not found, using default value '' instead.
2024-05-10 09:49:36,035 INFO o.a.j.r.c.ReportGeneratorConfiguration: Property 'jmeter.reportgenerator.exporter.html.show_controllers_only' not found, using default value 'false' instead.
2024-05-10 09:49:36,052 INFO o.a.j.e.StandardJMeterEngine: Running the test!
2024-05-10 09:49:36,052 INFO o.a.j.s.SampleEvent: List of sample_variables: []
2024-05-10 09:49:36,052 INFO o.a.j.s.SampleEvent: List of sample_variables: []
2024-05-10 09:49:36,056 INFO o.a.j.e.u.CompoundVariable: Note: Function class names must contain the string: '.functions.'
2024-05-10 09:49:36,056 INFO o.a.j.e.u.CompoundVariable: Note: Function class names must not contain the string: '.gui.'
2024-05-10 09:49:36,121 INFO o.a.j.r.ClassFinder: Will scan jar C:\Users\L41561691R\curso\apache-jmeter-5.6.3\apache-jmeter-5.6.3\lib\ext\jmeter-plugins-graphs-additional-2.0.jar with filter ExtendsClassFilter [parents=[interface org.apache.jmeter.functions.Function], inner=false, contains=null, notContains=null]. Consider exposing JMeter plugins via META-INF/services, and add JMeter-Skip-Class-Scanning=true manifest attribute so JMeter can skip classfile scanning
2024-05-10 09:49:36,128 INFO o.a.j.r.ClassFinder: Will scan jar C:\Users\L41561691R\curso\apache-jmeter-5.6.3\apache-jmeter-5.6.3\lib\ext\jmeter-plugins-manager-1.10.jar with filter ExtendsClassFilter [parents=[interface org.apache.jmeter.functions.Function], inner=false, contains=null, notContains=null]. Consider exposing JMeter plugins via META-INF/services, and add JMeter-Skip-Class-Scanning=true manifest attribute so JMeter can skip classfile scanning
2024-05-10 09:49:36,232 INFO o.a.j.JMeter: Running test (1715327376232)
2024-05-10 09:49:36,246 INFO o.a.j.e.StandardJMeterEngine: Starting ThreadGroup: 1 : Thread Group
2024-05-10 09:49:36,246 INFO o.a.j.e.StandardJMeterEngine: Starting 100 threads for group Thread Group.
2024-05-10 09:49:36,246 INFO o.a.j.e.StandardJMeterEngine: Thread will continue on error
2024-05-10 09:49:36,246 INFO o.a.j.t.ThreadGroup: Starting thread group... number=1 threads=100 ramp-up=50 delayedStart=false
2024-05-10 09:49:36,293 INFO o.a.j.t.ThreadGroup: Started thread group number 1
2024-05-10 09:49:36,293 INFO o.a.j.e.StandardJMeterEngine: All thread groups have been started
2024-05-10 09:49:37,247 INFO o.a.j.t.JMeterThread: Thread started: Thread Group 1-1
2024-05-10 09:49:37,568 INFO o.a.j.p.h.s.HTTPHCAbstractImpl: Local host = LPC1139
2024-05-10 09:49:37,573 INFO o.a.j.p.h.s.HTTPHC4Impl: HTTP request retry count = 0
2024-05-10 09:49:37,574 INFO o.a.j.s.SampleResult: Note: Sample TimeStamps are START times
2024-05-10 09:49:37,574 INFO o.a.j.s.SampleResult: sampleresult.default.encoding is set to UTF-8
2024-05-10 09:49:37,574 INFO o.a.j.s.SampleResult: sampleresult.useNanoTime=true
2024-05-10 09:49:37,574 INFO o.a.j.s.SampleResult: sampleresult.nanoThreadSleep=5000
2024-05-10 09:49:37,747 INFO o.a.j.t.JMeterThread: Thread started: Thread Group 1-2
2024-05-10 09:49:38,247 INFO o.a.j.t.JMeterThread: Thread started: Thread Group 1-3
2024-05-10 09:49:38,749 INFO o.a.j.t.JMeterThread: Thread started: Thread Group 1-4
2024-05-10 09:49:39,247 INFO o.a.j.t.JMeterThread: Thread started: Thread Group 1-5
2024-05-10 09:49:39,746 INFO o.a.j.t.JMeterThread: Thread started: Thread Group 1-6
2024-05-10 09:49:40,249 INFO o.a.j.t.JMeterThread: Thread started: Thread Group 1-7
2024-05-10 09:49:40,748 INFO o.a.j.t.JMeterThread: Thread started: Thread Group 1-8
2024-05-10 09:49:41,248 INFO o.a.j.t.JMeterThread: Thread started: Thread Group 1-9
2024-05-10 09:49:41,748 INFO o.a.j.t.JMeterThread: Thread started: Thread Group 1-10
2024-05-10 09:49:41,988 INFO o.a.j.t.JMeterThread: Thread finished: Thread Group 1-6
2024-05-10 09:49:41,991 INFO o.a.j.t.JMeterThread: Thread finished: Thread Group 1-1
2024-05-10 09:49:42,006 INFO o.a.j.t.JMeterThread: Thread finished: Thread Group 1-2
2024-05-10 09:49:42,009 INFO o.a.j.t.JMeterThread: Thread finished: Thread Group 1-8
2024-05-10 09:49:42,054 INFO o.a.j.t.JMeterThread: Thread finished: Thread Group 1-10
2024-05-10 09:49:42,069 INFO o.a.j.t.JMeterThread: Thread finished: Thread Group 1-5
2024-05-10 09:49:42,152 INFO o.a.j.t.JMeterThread: Thread finished: Thread Group 1-3
2024-05-10 09:49:42,155 INFO o.a.j.t.JMeterThread: Thread finished: Thread Group 1-7
2024-05-10 09:49:42,229 INFO o.a.j.t.JMeterThread: Thread finished: Thread Group 1-9
2024-05-10 09:49:42,235 INFO o.a.j.t.JMeterThread: Thread finished: Thread Group 1-4
2024-05-10 09:49:42,248 INFO o.a.j.t.JMeterThread: Thread started: Thread Group 1-11
2024-05-10 09:49:42,248 INFO o.a.j.t.JMeterThread: Thread finished: Thread Group 1-11
2024-05-10 09:49:42,748 INFO o.a.j.t.JMeterThread: Thread started: Thread Group 1-12
2024-05-10 09:49:42,748 INFO o.a.j.t.JMeterThread: Stopping because end time detected by thread: Thread Group 1-12
2024-05-10 09:49:42,748 INFO o.a.j.t.JMeterThread: Thread finished: Thread Group 1-12
2024-05-10 09:49:43,248 INFO o.a.j.t.JMeterThread: Thread started: Thread Group 1-13
2024-05-10 09:49:43,249 INFO o.a.j.t.JMeterThread: Stopping because end time detected by thread: Thread Group 1-13
2024-05-10 09:49:43,249 INFO o.a.j.t.JMeterThread: Thread finished: Thread Group 1-13
2024-05-10 09:49:43,748 INFO o.a.j.t.JMeterThread: Thread started: Thread Group 1-14
2024-05-10 09:49:43,749 INFO o.a.j.t.JMeterThread: Stopping because end time detected by thread: Thread Group 1-14
2024-05-10 09:49:43,749 INFO o.a.j.t.JMeterThread: Thread finished: Thread Group 1-14
2024-05-10 09:49:44,247 INFO o.a.j.t.JMeterThread: Thread started: Thread Group 1-15
2024-05-10 09:49:44,247 INFO o.a.j.t.JMeterThread: Stopping because end time detected by thread: Thread Group 1-15
2024-05-10 09:49:44,247 INFO o.a.j.t.JMeterThread: Thread finished: Thread Group 1-15
2024-05-10 09:49:44,749 INFO o.a.j.t.JMeterThread: Thread started: Thread Group 1-16
2024-05-10 09:49:44,750 INFO o.a.j.t.JMeterThread: Stopping because end time detected by thread: Thread Group 1-16
2024-05-10 09:49:44,750 INFO o.a.j.t.JMeterThread: Thread finished: Thread Group 1-16
2024-05-10 09:49:45,247 INFO o.a.j.t.JMeterThread: Thread started: Thread Group 1-17
2024-05-10 09:49:45,247 INFO o.a.j.t.JMeterThread: Stopping because end time detected by thread: Thread Group 1-17
2024-05-10 09:49:45,247 INFO o.a.j.t.JMeterThread: Thread finished: Thread Group 1-17
2024-05-10 09:49:45,748 INFO o.a.j.t.JMeterThread: Thread started: Thread Group 1-18
2024-05-10 09:49:45,749 INFO o.a.j.t.JMeterThread: Stopping because end time detected by thread: Thread Group 1-18
2024-05-10 09:49:45,749 INFO o.a.j.t.JMeterThread: Thread finished: Thread Group 1-18
2024-05-10 09:49:46,246 INFO o.a.j.t.JMeterThread: Thread started: Thread Group 1-19
2024-05-10 09:49:46,246 INFO o.a.j.t.JMeterThread: Stopping because end time detected by thread: Thread Group 1-19
2024-05-10 09:49:46,246 INFO o.a.j.t.JMeterThread: Thread finished: Thread Group 1-19
2024-05-10 09:49:46,760 INFO o.a.j.t.JMeterThread: Thread started: Thread Group 1-20
2024-05-10 09:49:46,760 INFO o.a.j.t.JMeterThread: Stopping because end time detected by thread: Thread Group 1-20
2024-05-10 09:49:46,761 INFO o.a.j.t.JMeterThread: Thread finished: Thread Group 1-20
2024-05-10 09:49:47,257 INFO o.a.j.t.JMeterThread: Thread started: Thread Group 1-21
2024-05-10 09:49:47,257 INFO o.a.j.t.JMeterThread: Stopping because end time detected by thread: Thread Group 1-21
2024-05-10 09:49:47,258 INFO o.a.j.t.JMeterThread: Thread finished: Thread Group 1-21
2024-05-10 09:49:47,746 INFO o.a.j.t.JMeterThread: Thread started: Thread Group 1-22
2024-05-10 09:49:47,746 INFO o.a.j.t.JMeterThread: Stopping because end time detected by thread: Thread Group 1-22
2024-05-10 09:49:47,747 INFO o.a.j.t.JMeterThread: Thread finished: Thread Group 1-22
2024-05-10 09:49:48,248 INFO o.a.j.t.JMeterThread: Thread started: Thread Group 1-23
2024-05-10 09:49:48,248 INFO o.a.j.t.JMeterThread: Stopping because end time detected by thread: Thread Group 1-23
2024-05-10 09:49:48,249 INFO o.a.j.t.JMeterThread: Thread finished: Thread Group 1-23
2024-05-10 09:49:48,748 INFO o.a.j.t.JMeterThread: Thread started: Thread Group 1-24
2024-05-10 09:49:48,748 INFO o.a.j.t.JMeterThread: Stopping because end time detected by thread: Thread Group 1-24
2024-05-10 09:49:48,748 INFO o.a.j.t.JMeterThread: Thread finished: Thread Group 1-24
2024-05-10 09:49:49,247 INFO o.a.j.t.JMeterThread: Thread started: Thread Group 1-25
2024-05-10 09:49:49,248 INFO o.a.j.t.JMeterThread: Stopping because end time detected by thread: Thread Group 1-25
2024-05-10 09:49:49,248 INFO o.a.j.t.JMeterThread: Thread finished: Thread Group 1-25
2024-05-10 09:49:49,747 INFO o.a.j.t.JMeterThread: Thread started: Thread Group 1-26
2024-05-10 09:49:49,747 INFO o.a.j.t.JMeterThread: Stopping because end time detected by thread: Thread Group 1-26
2024-05-10 09:49:49,747 INFO o.a.j.t.JMeterThread: Thread finished: Thread Group 1-26
2024-05-10 09:49:50,248 INFO o.a.j.t.JMeterThread: Thread started: Thread Group 1-27
2024-05-10 09:49:50,248 INFO o.a.j.t.JMeterThread: Stopping because end time detected by thread: Thread Group 1-27
2024-05-10 09:49:50,248 INFO o.a.j.t.JMeterThread: Thread finished: Thread Group 1-27
2024-05-10 09:49:50,749 INFO o.a.j.t.JMeterThread: Thread started: Thread Group 1-28
2024-05-10 09:49:50,751 INFO o.a.j.t.JMeterThread: Stopping because end time detected by thread: Thread Group 1-28
2024-05-10 09:49:50,751 INFO o.a.j.t.JMeterThread: Thread finished: Thread Group 1-28
2024-05-10 09:49:51,248 INFO o.a.j.t.JMeterThread: Thread started: Thread Group 1-29
2024-05-10 09:49:51,249 INFO o.a.j.t.JMeterThread: Stopping because end time detected by thread: Thread Group 1-29
2024-05-10 09:49:51,249 INFO o.a.j.t.JMeterThread: Thread finished: Thread Group 1-29
2024-05-10 09:49:51,746 INFO o.a.j.t.JMeterThread: Thread started: Thread Group 1-30
2024-05-10 09:49:51,746 INFO o.a.j.t.JMeterThread: Stopping because end time detected by thread: Thread Group 1-30
2024-05-10 09:49:51,746 INFO o.a.j.t.JMeterThread: Thread finished: Thread Group 1-30
2024-05-10 09:49:52,248 INFO o.a.j.t.JMeterThread: Thread started: Thread Group 1-31
2024-05-10 09:49:52,249 INFO o.a.j.t.JMeterThread: Stopping because end time detected by thread: Thread Group 1-31
2024-05-10 09:49:52,249 INFO o.a.j.t.JMeterThread: Thread finished: Thread Group 1-31
2024-05-10 09:49:52,748 INFO o.a.j.t.JMeterThread: Thread started: Thread Group 1-32
2024-05-10 09:49:52,749 INFO o.a.j.t.JMeterThread: Stopping because end time detected by thread: Thread Group 1-32
2024-05-10 09:49:52,749 INFO o.a.j.t.JMeterThread: Thread finished: Thread Group 1-32
2024-05-10 09:49:53,249 INFO o.a.j.t.JMeterThread: Thread started: Thread Group 1-33
2024-05-10 09:49:53,250 INFO o.a.j.t.JMeterThread: Stopping because end time detected by thread: Thread Group 1-33
2024-05-10 09:49:53,250 INFO o.a.j.t.JMeterThread: Thread finished: Thread Group 1-33
2024-05-10 09:49:53,759 INFO o.a.j.t.JMeterThread: Thread started: Thread Group 1-34
2024-05-10 09:49:53,760 INFO o.a.j.t.JMeterThread: Stopping because end time detected by thread: Thread Group 1-34
2024-05-10 09:49:53,761 INFO o.a.j.t.JMeterThread: Thread finished: Thread Group 1-34
2024-05-10 09:49:54,248 INFO o.a.j.t.JMeterThread: Thread started: Thread Group 1-35
2024-05-10 09:49:54,249 INFO o.a.j.t.JMeterThread: Stopping because end time detected by thread: Thread Group 1-35
2024-05-10 09:49:54,249 INFO o.a.j.t.JMeterThread: Thread finished: Thread Group 1-35
2024-05-10 09:49:54,749 INFO o.a.j.t.JMeterThread: Thread started: Thread Group 1-36
2024-05-10 09:49:54,749 INFO o.a.j.t.JMeterThread: Stopping because end time detected by thread: Thread Group 1-36
2024-05-10 09:49:54,749 INFO o.a.j.t.JMeterThread: Thread finished: Thread Group 1-36
2024-05-10 09:49:55,248 INFO o.a.j.t.JMeterThread: Thread started: Thread Group 1-37
2024-05-10 09:49:55,248 INFO o.a.j.t.JMeterThread: Stopping because end time detected by thread: Thread Group 1-37
2024-05-10 09:49:55,248 INFO o.a.j.t.JMeterThread: Thread finished: Thread Group 1-37
2024-05-10 09:49:55,747 INFO o.a.j.t.JMeterThread: Thread started: Thread Group 1-38
2024-05-10 09:49:55,748 INFO o.a.j.t.JMeterThread: Stopping because end time detected by thread: Thread Group 1-38
2024-05-10 09:49:55,748 INFO o.a.j.t.JMeterThread: Thread finished: Thread Group 1-38
2024-05-10 09:49:56,248 INFO o.a.j.t.JMeterThread: Thread started: Thread Group 1-39
2024-05-10 09:49:56,249 INFO o.a.j.t.JMeterThread: Stopping because end time detected by thread: Thread Group 1-39
2024-05-10 09:49:56,249 INFO o.a.j.t.JMeterThread: Thread finished: Thread Group 1-39
2024-05-10 09:49:56,748 INFO o.a.j.t.JMeterThread: Thread started: Thread Group 1-40
2024-05-10 09:49:56,749 INFO o.a.j.t.JMeterThread: Stopping because end time detected by thread: Thread Group 1-40
2024-05-10 09:49:56,750 INFO o.a.j.t.JMeterThread: Thread finished: Thread Group 1-40
2024-05-10 09:49:57,248 INFO o.a.j.t.JMeterThread: Thread started: Thread Group 1-41
2024-05-10 09:49:57,249 INFO o.a.j.t.JMeterThread: Stopping because end time detected by thread: Thread Group 1-41
2024-05-10 09:49:57,249 INFO o.a.j.t.JMeterThread: Thread finished: Thread Group 1-41
2024-05-10 09:49:57,747 INFO o.a.j.t.JMeterThread: Thread started: Thread Group 1-42
2024-05-10 09:49:57,748 INFO o.a.j.t.JMeterThread: Stopping because end time detected by thread: Thread Group 1-42
2024-05-10 09:49:57,748 INFO o.a.j.t.JMeterThread: Thread finished: Thread Group 1-42
2024-05-10 09:49:58,249 INFO o.a.j.t.JMeterThread: Thread started: Thread Group 1-43
2024-05-10 09:49:58,250 INFO o.a.j.t.JMeterThread: Stopping because end time detected by thread: Thread Group 1-43
2024-05-10 09:49:58,250 INFO o.a.j.t.JMeterThread: Thread finished: Thread Group 1-43
2024-05-10 09:49:58,748 INFO o.a.j.t.JMeterThread: Thread started: Thread Group 1-44
2024-05-10 09:49:58,748 INFO o.a.j.t.JMeterThread: Stopping because end time detected by thread: Thread Group 1-44
2024-05-10 09:49:58,749 INFO o.a.j.t.JMeterThread: Thread finished: Thread Group 1-44
2024-05-10 09:49:59,247 INFO o.a.j.t.JMeterThread: Thread started: Thread Group 1-45
2024-05-10 09:49:59,248 INFO o.a.j.t.JMeterThread: Stopping because end time detected by thread: Thread Group 1-45
2024-05-10 09:49:59,248 INFO o.a.j.t.JMeterThread: Thread finished: Thread Group 1-45
2024-05-10 09:49:59,748 INFO o.a.j.t.JMeterThread: Thread started: Thread Group 1-46
2024-05-10 09:49:59,748 INFO o.a.j.t.JMeterThread: Stopping because end time detected by thread: Thread Group 1-46
2024-05-10 09:49:59,748 INFO o.a.j.t.JMeterThread: Thread finished: Thread Group 1-46
2024-05-10 09:50:00,248 INFO o.a.j.t.JMeterThread: Thread started: Thread Group 1-47
2024-05-10 09:50:00,248 INFO o.a.j.t.JMeterThread: Stopping because end time detected by thread: Thread Group 1-47
2024-05-10 09:50:00,248 INFO o.a.j.t.JMeterThread: Thread finished: Thread Group 1-47
2024-05-10 09:50:00,748 INFO o.a.j.t.JMeterThread: Thread started: Thread Group 1-48
2024-05-10 09:50:00,749 INFO o.a.j.t.JMeterThread: Stopping because end time detected by thread: Thread Group 1-48
2024-05-10 09:50:00,749 INFO o.a.j.t.JMeterThread: Thread finished: Thread Group 1-48
2024-05-10 09:50:01,249 INFO o.a.j.t.JMeterThread: Thread started: Thread Group 1-49
2024-05-10 09:50:01,251 INFO o.a.j.t.JMeterThread: Stopping because end time detected by thread: Thread Group 1-49
2024-05-10 09:50:01,251 INFO o.a.j.t.JMeterThread: Thread finished: Thread Group 1-49
2024-05-10 09:50:01,749 INFO o.a.j.t.JMeterThread: Thread started: Thread Group 1-50
2024-05-10 09:50:01,750 INFO o.a.j.t.JMeterThread: Stopping because end time detected by thread: Thread Group 1-50
2024-05-10 09:50:01,750 INFO o.a.j.t.JMeterThread: Thread finished: Thread Group 1-50
2024-05-10 09:50:02,249 INFO o.a.j.t.JMeterThread: Thread started: Thread Group 1-51
2024-05-10 09:50:02,249 INFO o.a.j.t.JMeterThread: Stopping because end time detected by thread: Thread Group 1-51
2024-05-10 09:50:02,249 INFO o.a.j.t.JMeterThread: Thread finished: Thread Group 1-51
2024-05-10 09:50:02,747 INFO o.a.j.t.JMeterThread: Thread started: Thread Group 1-52
2024-05-10 09:50:02,748 INFO o.a.j.t.JMeterThread: Stopping because end time detected by thread: Thread Group 1-52
2024-05-10 09:50:02,748 INFO o.a.j.t.JMeterThread: Thread finished: Thread Group 1-52
2024-05-10 09:50:03,250 INFO o.a.j.t.JMeterThread: Thread started: Thread Group 1-53
2024-05-10 09:50:03,250 INFO o.a.j.t.JMeterThread: Stopping because end time detected by thread: Thread Group 1-53
2024-05-10 09:50:03,250 INFO o.a.j.t.JMeterThread: Thread finished: Thread Group 1-53
2024-05-10 09:50:03,748 INFO o.a.j.t.JMeterThread: Thread started: Thread Group 1-54
2024-05-10 09:50:03,749 INFO o.a.j.t.JMeterThread: Stopping because end time detected by thread: Thread Group 1-54
2024-05-10 09:50:03,749 INFO o.a.j.t.JMeterThread: Thread finished: Thread Group 1-54
2024-05-10 09:50:04,248 INFO o.a.j.t.JMeterThread: Thread started: Thread Group 1-55
2024-05-10 09:50:04,249 INFO o.a.j.t.JMeterThread: Stopping because end time detected by thread: Thread Group 1-55
2024-05-10 09:50:04,249 INFO o.a.j.t.JMeterThread: Thread finished: Thread Group 1-55
2024-05-10 09:50:04,747 INFO o.a.j.t.JMeterThread: Thread started: Thread Group 1-56
2024-05-10 09:50:04,747 INFO o.a.j.t.JMeterThread: Stopping because end time detected by thread: Thread Group 1-56
2024-05-10 09:50:04,748 INFO o.a.j.t.JMeterThread: Thread finished: Thread Group 1-56
2024-05-10 09:50:05,249 INFO o.a.j.t.JMeterThread: Thread started: Thread Group 1-57
2024-05-10 09:50:05,250 INFO o.a.j.t.JMeterThread: Stopping because end time detected by thread: Thread Group 1-57
2024-05-10 09:50:05,250 INFO o.a.j.t.JMeterThread: Thread finished: Thread Group 1-57
2024-05-10 09:50:05,750 INFO o.a.j.t.JMeterThread: Thread started: Thread Group 1-58
2024-05-10 09:50:05,751 INFO o.a.j.t.JMeterThread: Stopping because end time detected by thread: Thread Group 1-58
2024-05-10 09:50:05,751 INFO o.a.j.t.JMeterThread: Thread finished: Thread Group 1-58
2024-05-10 09:50:06,248 INFO o.a.j.t.JMeterThread: Thread started: Thread Group 1-59
2024-05-10 09:50:06,249 INFO o.a.j.t.JMeterThread: Stopping because end time detected by thread: Thread Group 1-59
2024-05-10 09:50:06,249 INFO o.a.j.t.JMeterThread: Thread finished: Thread Group 1-59
2024-05-10 09:50:06,747 INFO o.a.j.t.JMeterThread: Thread started: Thread Group 1-60
2024-05-10 09:50:06,747 INFO o.a.j.t.JMeterThread: Stopping because end time detected by thread: Thread Group 1-60
2024-05-10 09:50:06,747 INFO o.a.j.t.JMeterThread: Thread finished: Thread Group 1-60
2024-05-10 09:50:07,250 INFO o.a.j.t.JMeterThread: Thread started: Thread Group 1-61
2024-05-10 09:50:07,250 INFO o.a.j.t.JMeterThread: Stopping because end time detected by thread: Thread Group 1-61
2024-05-10 09:50:07,251 INFO o.a.j.t.JMeterThread: Thread finished: Thread Group 1-61
2024-05-10 09:50:07,750 INFO o.a.j.t.JMeterThread: Thread started: Thread Group 1-62
2024-05-10 09:50:07,751 INFO o.a.j.t.JMeterThread: Stopping because end time detected by thread: Thread Group 1-62
2024-05-10 09:50:07,751 INFO o.a.j.t.JMeterThread: Thread finished: Thread Group 1-62
2024-05-10 09:50:08,247 INFO o.a.j.t.JMeterThread: Thread started: Thread Group 1-63
2024-05-10 09:50:08,249 INFO o.a.j.t.JMeterThread: Stopping because end time detected by thread: Thread Group 1-63
2024-05-10 09:50:08,249 INFO o.a.j.t.JMeterThread: Thread finished: Thread Group 1-63
2024-05-10 09:50:08,748 INFO o.a.j.t.JMeterThread: Thread started: Thread Group 1-64
2024-05-10 09:50:08,748 INFO o.a.j.t.JMeterThread: Stopping because end time detected by thread: Thread Group 1-64
2024-05-10 09:50:08,749 INFO o.a.j.t.JMeterThread: Thread finished: Thread Group 1-64
2024-05-10 09:50:09,247 INFO o.a.j.t.JMeterThread: Thread started: Thread Group 1-65
2024-05-10 09:50:09,248 INFO o.a.j.t.JMeterThread: Stopping because end time detected by thread: Thread Group 1-65
2024-05-10 09:50:09,248 INFO o.a.j.t.JMeterThread: Thread finished: Thread Group 1-65
2024-05-10 09:50:09,750 INFO o.a.j.t.JMeterThread: Thread started: Thread Group 1-66
2024-05-10 09:50:09,750 INFO o.a.j.t.JMeterThread: Stopping because end time detected by thread: Thread Group 1-66
2024-05-10 09:50:09,750 INFO o.a.j.t.JMeterThread: Thread finished: Thread Group 1-66
2024-05-10 09:50:10,247 INFO o.a.j.t.JMeterThread: Thread started: Thread Group 1-67
2024-05-10 09:50:10,248 INFO o.a.j.t.JMeterThread: Stopping because end time detected by thread: Thread Group 1-67
2024-05-10 09:50:10,249 INFO o.a.j.t.JMeterThread: Thread finished: Thread Group 1-67
2024-05-10 09:50:10,749 INFO o.a.j.t.JMeterThread: Thread started: Thread Group 1-68
2024-05-10 09:50:10,749 INFO o.a.j.t.JMeterThread: Stopping because end time detected by thread: Thread Group 1-68
2024-05-10 09:50:10,749 INFO o.a.j.t.JMeterThread: Thread finished: Thread Group 1-68
2024-05-10 09:50:11,247 INFO o.a.j.t.JMeterThread: Thread started: Thread Group 1-69
2024-05-10 09:50:11,247 INFO o.a.j.t.JMeterThread: Stopping because end time detected by thread: Thread Group 1-69
2024-05-10 09:50:11,247 INFO o.a.j.t.JMeterThread: Thread finished: Thread Group 1-69
2024-05-10 09:50:11,747 INFO o.a.j.t.JMeterThread: Thread started: Thread Group 1-70
2024-05-10 09:50:11,747 INFO o.a.j.t.JMeterThread: Stopping because end time detected by thread: Thread Group 1-70
2024-05-10 09:50:11,747 INFO o.a.j.t.JMeterThread: Thread finished: Thread Group 1-70
2024-05-10 09:50:12,249 INFO o.a.j.t.JMeterThread: Thread started: Thread Group 1-71
2024-05-10 09:50:12,250 INFO o.a.j.t.JMeterThread: Stopping because end time detected by thread: Thread Group 1-71
2024-05-10 09:50:12,250 INFO o.a.j.t.JMeterThread: Thread finished: Thread Group 1-71
2024-05-10 09:50:12,747 INFO o.a.j.t.JMeterThread: Thread started: Thread Group 1-72
2024-05-10 09:50:12,747 INFO o.a.j.t.JMeterThread: Stopping because end time detected by thread: Thread Group 1-72
2024-05-10 09:50:12,747 INFO o.a.j.t.JMeterThread: Thread finished: Thread Group 1-72
2024-05-10 09:50:13,249 INFO o.a.j.t.JMeterThread: Thread started: Thread Group 1-73
2024-05-10 09:50:13,250 INFO o.a.j.t.JMeterThread: Stopping because end time detected by thread: Thread Group 1-73
2024-05-10 09:50:13,250 INFO o.a.j.t.JMeterThread: Thread finished: Thread Group 1-73
2024-05-10 09:50:13,749 INFO o.a.j.t.JMeterThread: Thread started: Thread Group 1-74
2024-05-10 09:50:13,751 INFO o.a.j.t.JMeterThread: Stopping because end time detected by thread: Thread Group 1-74
2024-05-10 09:50:13,752 INFO o.a.j.t.JMeterThread: Thread finished: Thread Group 1-74
2024-05-10 09:50:14,250 INFO o.a.j.t.JMeterThread: Thread started: Thread Group 1-75
2024-05-10 09:50:14,251 INFO o.a.j.t.JMeterThread: Stopping because end time detected by thread: Thread Group 1-75
2024-05-10 09:50:14,251 INFO o.a.j.t.JMeterThread: Thread finished: Thread Group 1-75
2024-05-10 09:50:14,748 INFO o.a.j.t.JMeterThread: Thread started: Thread Group 1-76
2024-05-10 09:50:14,749 INFO o.a.j.t.JMeterThread: Stopping because end time detected by thread: Thread Group 1-76
2024-05-10 09:50:14,749 INFO o.a.j.t.JMeterThread: Thread finished: Thread Group 1-76
2024-05-10 09:50:15,248 INFO o.a.j.t.JMeterThread: Thread started: Thread Group 1-77
2024-05-10 09:50:15,249 INFO o.a.j.t.JMeterThread: Stopping because end time detected by thread: Thread Group 1-77
2024-05-10 09:50:15,249 INFO o.a.j.t.JMeterThread: Thread finished: Thread Group 1-77
2024-05-10 09:50:15,747 INFO o.a.j.t.JMeterThread: Thread started: Thread Group 1-78
2024-05-10 09:50:15,748 INFO o.a.j.t.JMeterThread: Stopping because end time detected by thread: Thread Group 1-78
2024-05-10 09:50:15,748 INFO o.a.j.t.JMeterThread: Thread finished: Thread Group 1-78
2024-05-10 09:50:16,248 INFO o.a.j.t.JMeterThread: Thread started: Thread Group 1-79
2024-05-10 09:50:16,249 INFO o.a.j.t.JMeterThread: Stopping because end time detected by thread: Thread Group 1-79
2024-05-10 09:50:16,249 INFO o.a.j.t.JMeterThread: Thread finished: Thread Group 1-79
2024-05-10 09:50:16,749 INFO o.a.j.t.JMeterThread: Thread started: Thread Group 1-80
2024-05-10 09:50:16,751 INFO o.a.j.t.JMeterThread: Stopping because end time detected by thread: Thread Group 1-80
2024-05-10 09:50:16,751 INFO o.a.j.t.JMeterThread: Thread finished: Thread Group 1-80
2024-05-10 09:50:17,247 INFO o.a.j.t.JMeterThread: Thread started: Thread Group 1-81
2024-05-10 09:50:17,248 INFO o.a.j.t.JMeterThread: Stopping because end time detected by thread: Thread Group 1-81
2024-05-10 09:50:17,248 INFO o.a.j.t.JMeterThread: Thread finished: Thread Group 1-81
2024-05-10 09:50:17,747 INFO o.a.j.t.JMeterThread: Thread started: Thread Group 1-82
2024-05-10 09:50:17,747 INFO o.a.j.t.JMeterThread: Stopping because end time detected by thread: Thread Group 1-82
2024-05-10 09:50:17,748 INFO o.a.j.t.JMeterThread: Thread finished: Thread Group 1-82
2024-05-10 09:50:18,249 INFO o.a.j.t.JMeterThread: Thread started: Thread Group 1-83
2024-05-10 09:50:18,250 INFO o.a.j.t.JMeterThread: Stopping because end time detected by thread: Thread Group 1-83
2024-05-10 09:50:18,250 INFO o.a.j.t.JMeterThread: Thread finished: Thread Group 1-83
2024-05-10 09:50:18,748 INFO o.a.j.t.JMeterThread: Thread started: Thread Group 1-84
2024-05-10 09:50:18,749 INFO o.a.j.t.JMeterThread: Stopping because end time detected by thread: Thread Group 1-84
2024-05-10 09:50:18,749 INFO o.a.j.t.JMeterThread: Thread finished: Thread Group 1-84
2024-05-10 09:50:19,248 INFO o.a.j.t.JMeterThread: Thread started: Thread Group 1-85
2024-05-10 09:50:19,248 INFO o.a.j.t.JMeterThread: Stopping because end time detected by thread: Thread Group 1-85
2024-05-10 09:50:19,248 INFO o.a.j.t.JMeterThread: Thread finished: Thread Group 1-85
2024-05-10 09:50:19,748 INFO o.a.j.t.JMeterThread: Thread started: Thread Group 1-86
2024-05-10 09:50:19,748 INFO o.a.j.t.JMeterThread: Stopping because end time detected by thread: Thread Group 1-86
2024-05-10 09:50:19,748 INFO o.a.j.t.JMeterThread: Thread finished: Thread Group 1-86
2024-05-10 09:50:20,247 INFO o.a.j.t.JMeterThread: Thread started: Thread Group 1-87
2024-05-10 09:50:20,248 INFO o.a.j.t.JMeterThread: Stopping because end time detected by thread: Thread Group 1-87
2024-05-10 09:50:20,248 INFO o.a.j.t.JMeterThread: Thread finished: Thread Group 1-87
2024-05-10 09:50:20,749 INFO o.a.j.t.JMeterThread: Thread started: Thread Group 1-88
2024-05-10 09:50:20,750 INFO o.a.j.t.JMeterThread: Stopping because end time detected by thread: Thread Group 1-88
2024-05-10 09:50:20,751 INFO o.a.j.t.JMeterThread: Thread finished: Thread Group 1-88
2024-05-10 09:50:21,250 INFO o.a.j.t.JMeterThread: Thread started: Thread Group 1-89
2024-05-10 09:50:21,250 INFO o.a.j.t.JMeterThread: Stopping because end time detected by thread: Thread Group 1-89
2024-05-10 09:50:21,250 INFO o.a.j.t.JMeterThread: Thread finished: Thread Group 1-89
2024-05-10 09:50:21,748 INFO o.a.j.t.JMeterThread: Thread started: Thread Group 1-90
2024-05-10 09:50:21,748 INFO o.a.j.t.JMeterThread: Stopping because end time detected by thread: Thread Group 1-90
2024-05-10 09:50:21,749 INFO o.a.j.t.JMeterThread: Thread finished: Thread Group 1-90
2024-05-10 09:50:22,248 INFO o.a.j.t.JMeterThread: Thread started: Thread Group 1-91
2024-05-10 09:50:22,249 INFO o.a.j.t.JMeterThread: Stopping because end time detected by thread: Thread Group 1-91
2024-05-10 09:50:22,249 INFO o.a.j.t.JMeterThread: Thread finished: Thread Group 1-91
2024-05-10 09:50:22,747 INFO o.a.j.t.JMeterThread: Thread started: Thread Group 1-92
2024-05-10 09:50:22,747 INFO o.a.j.t.JMeterThread: Stopping because end time detected by thread: Thread Group 1-92
2024-05-10 09:50:22,747 INFO o.a.j.t.JMeterThread: Thread finished: Thread Group 1-92
2024-05-10 09:50:23,247 INFO o.a.j.t.JMeterThread: Thread started: Thread Group 1-93
2024-05-10 09:50:23,248 INFO o.a.j.t.JMeterThread: Stopping because end time detected by thread: Thread Group 1-93
2024-05-10 09:50:23,248 INFO o.a.j.t.JMeterThread: Thread finished: Thread Group 1-93
2024-05-10 09:50:23,747 INFO o.a.j.t.JMeterThread: Thread started: Thread Group 1-94
2024-05-10 09:50:23,748 INFO o.a.j.t.JMeterThread: Stopping because end time detected by thread: Thread Group 1-94
2024-05-10 09:50:23,748 INFO o.a.j.t.JMeterThread: Thread finished: Thread Group 1-94
2024-05-10 09:50:24,247 INFO o.a.j.t.JMeterThread: Thread started: Thread Group 1-95
2024-05-10 09:50:24,248 INFO o.a.j.t.JMeterThread: Stopping because end time detected by thread: Thread Group 1-95
2024-05-10 09:50:24,248 INFO o.a.j.t.JMeterThread: Thread finished: Thread Group 1-95
2024-05-10 09:50:24,748 INFO o.a.j.t.JMeterThread: Thread started: Thread Group 1-96
2024-05-10 09:50:24,749 INFO o.a.j.t.JMeterThread: Stopping because end time detected by thread: Thread Group 1-96
2024-05-10 09:50:24,749 INFO o.a.j.t.JMeterThread: Thread finished: Thread Group 1-96
2024-05-10 09:50:25,248 INFO o.a.j.t.JMeterThread: Thread started: Thread Group 1-97
2024-05-10 09:50:25,249 INFO o.a.j.t.JMeterThread: Stopping because end time detected by thread: Thread Group 1-97
2024-05-10 09:50:25,249 INFO o.a.j.t.JMeterThread: Thread finished: Thread Group 1-97
2024-05-10 09:50:25,748 INFO o.a.j.t.JMeterThread: Thread started: Thread Group 1-98
2024-05-10 09:50:25,749 INFO o.a.j.t.JMeterThread: Stopping because end time detected by thread: Thread Group 1-98
2024-05-10 09:50:25,749 INFO o.a.j.t.JMeterThread: Thread finished: Thread Group 1-98
2024-05-10 09:50:26,248 INFO o.a.j.t.JMeterThread: Thread started: Thread Group 1-99
2024-05-10 09:50:26,249 INFO o.a.j.t.JMeterThread: Stopping because end time detected by thread: Thread Group 1-99
2024-05-10 09:50:26,249 INFO o.a.j.t.JMeterThread: Thread finished: Thread Group 1-99
2024-05-10 09:50:26,747 INFO o.a.j.t.JMeterThread: Thread started: Thread Group 1-100
2024-05-10 09:50:26,748 INFO o.a.j.t.JMeterThread: Stopping because end time detected by thread: Thread Group 1-100
2024-05-10 09:50:26,748 INFO o.a.j.t.JMeterThread: Thread finished: Thread Group 1-100
2024-05-10 09:50:26,748 INFO o.a.j.e.StandardJMeterEngine: Notifying test listeners of end of test
2024-05-10 09:50:26,755 INFO o.a.j.r.Summariser: summary =     80 in 00:00:51 =    1.6/s Avg:    20 Min:     1 Max:   157 Err:     0 (0.00%)
2024-05-10 09:50:26,756 INFO o.a.j.JMeter: Generating Dashboard
2024-05-10 09:50:26,756 INFO o.a.j.r.d.ReportGenerator: Flushing result collector before report Generation
2024-05-10 09:50:26,775 INFO o.a.j.r.p.NormalizerSampleConsumer: Using format, 'ms', to parse timeStamp field
2024-05-10 09:50:26,917 INFO o.a.j.r.p.AbstractSampleConsumer: class org.apache.jmeter.report.processor.AggregateConsumer#stopProducing(): beginDate produced 0 samples
2024-05-10 09:50:26,918 INFO o.a.j.r.p.AbstractSampleConsumer: class org.apache.jmeter.report.processor.AggregateConsumer#stopProducing(): endDate produced 0 samples
2024-05-10 09:50:26,921 INFO o.a.j.r.p.AbstractSampleConsumer: class org.apache.jmeter.report.processor.ApdexSummaryConsumer#stopProducing(): apdexSummary produced 0 samples
2024-05-10 09:50:26,921 INFO o.a.j.r.p.AbstractSampleConsumer: class org.apache.jmeter.report.processor.RequestsSummaryConsumer#stopProducing(): requestsSummary produced 0 samples
2024-05-10 09:50:26,930 INFO o.a.j.r.p.AbstractSampleConsumer: class org.apache.jmeter.report.processor.StatisticsSummaryConsumer#stopProducing(): statisticsSummary produced 0 samples
2024-05-10 09:50:26,933 INFO o.a.j.r.p.AbstractSampleConsumer: class org.apache.jmeter.report.processor.Top5ErrorsBySamplerConsumer#stopProducing(): top5ErrorsBySampler produced 0 samples
2024-05-10 09:50:26,934 INFO o.a.j.r.p.AbstractSampleConsumer: class org.apache.jmeter.report.processor.ErrorsSummaryConsumer#stopProducing(): errorsSummary produced 0 samples
2024-05-10 09:50:26,934 INFO o.a.j.r.p.AbstractSampleConsumer: class org.apache.jmeter.report.processor.graph.impl.HitsPerSecondGraphConsumer#stopProducing(): hitsPerSecond produced 0 samples
2024-05-10 09:50:26,958 INFO o.a.j.r.p.AbstractSampleConsumer: class org.apache.jmeter.report.processor.graph.impl.LatencyVSRequestGraphConsumer#stopProducing(): latencyVsRequest produced 0 samples
2024-05-10 09:50:26,958 INFO o.a.j.r.p.AbstractSampleConsumer: class org.apache.jmeter.report.processor.graph.impl.SyntheticResponseTimeDistributionGraphConsumer#stopProducing(): syntheticResponseTimeDistribution produced 0 samples
2024-05-10 09:50:26,959 INFO o.a.j.r.p.AbstractSampleConsumer: class org.apache.jmeter.report.processor.graph.impl.BytesThroughputGraphConsumer#stopProducing(): bytesThroughputOverTime produced 0 samples
2024-05-10 09:50:26,959 INFO o.a.j.r.p.AbstractSampleConsumer: class org.apache.jmeter.report.processor.graph.impl.CodesPerSecondGraphConsumer#stopProducing(): codesPerSecond produced 0 samples
2024-05-10 09:50:26,965 INFO o.a.j.r.p.AbstractSampleConsumer: class org.apache.jmeter.report.processor.graph.impl.ResponseTimeVSRequestGraphConsumer#stopProducing(): responseTimeVsRequest produced 0 samples
2024-05-10 09:50:26,965 INFO o.a.j.r.p.AbstractSampleConsumer: class org.apache.jmeter.report.processor.FilterConsumer#stopProducing(): startIntervalControlerFilter produced 560 samples
2024-05-10 09:50:26,965 INFO o.a.j.r.p.AbstractSampleConsumer: class org.apache.jmeter.report.processor.graph.impl.TotalTPSGraphConsumer#stopProducing(): totalTPS produced 0 samples
2024-05-10 09:50:26,966 INFO o.a.j.r.p.AbstractSampleConsumer: class org.apache.jmeter.report.processor.graph.impl.ActiveThreadsGraphConsumer#stopProducing(): activeThreadsOverTime produced 0 samples
2024-05-10 09:50:26,966 INFO o.a.j.r.p.AbstractSampleConsumer: class org.apache.jmeter.report.processor.graph.impl.TimeVSThreadGraphConsumer#stopProducing(): timeVsThreads produced 0 samples
2024-05-10 09:50:26,966 INFO o.a.j.r.p.AbstractSampleConsumer: class org.apache.jmeter.report.processor.graph.impl.ResponseTimeDistributionGraphConsumer#stopProducing(): responseTimeDistribution produced 0 samples
2024-05-10 09:50:26,966 INFO o.a.j.r.p.AbstractSampleConsumer: class org.apache.jmeter.report.processor.graph.impl.TransactionsPerSecondGraphConsumer#stopProducing(): transactionsPerSecond produced 0 samples
2024-05-10 09:50:26,966 INFO o.a.j.r.p.AbstractSampleConsumer: class org.apache.jmeter.report.processor.graph.impl.ResponseTimePercentilesGraphConsumer#stopProducing(): responseTimePercentiles produced 0 samples
2024-05-10 09:50:26,968 INFO o.a.j.r.p.AbstractSampleConsumer: class org.apache.jmeter.report.processor.graph.impl.ResponseTimePercentilesOverTimeGraphConsumer#stopProducing(): responseTimePercentilesOverTime produced 0 samples
2024-05-10 09:50:26,968 INFO o.a.j.r.p.AbstractSampleConsumer: class org.apache.jmeter.report.processor.graph.impl.ResponseTimeOverTimeGraphConsumer#stopProducing(): responseTimesOverTime produced 0 samples
2024-05-10 09:50:26,968 INFO o.a.j.r.p.AbstractSampleConsumer: class org.apache.jmeter.report.processor.graph.impl.ConnectTimeOverTimeGraphConsumer#stopProducing(): connectTimeOverTime produced 0 samples
2024-05-10 09:50:26,968 INFO o.a.j.r.p.AbstractSampleConsumer: class org.apache.jmeter.report.processor.graph.impl.LatencyOverTimeGraphConsumer#stopProducing(): latenciesOverTime produced 0 samples
2024-05-10 09:50:26,968 INFO o.a.j.r.p.AbstractSampleConsumer: class org.apache.jmeter.report.processor.FilterConsumer#stopProducing(): nameFilter produced 1200 samples
2024-05-10 09:50:26,968 INFO o.a.j.r.p.AbstractSampleConsumer: class org.apache.jmeter.report.processor.FilterConsumer#stopProducing(): dateRangeFilter produced 240 samples
2024-05-10 09:50:26,968 INFO o.a.j.r.p.AbstractSampleConsumer: class org.apache.jmeter.report.processor.NormalizerSampleConsumer#stopProducing(): normalizer produced 80 samples
2024-05-10 09:50:26,969 INFO o.a.j.r.p.CsvFileSampleSource: produce(): 80 samples produced in 162ms on channel 0
2024-05-10 09:50:26,969 INFO o.a.j.r.d.ReportGenerator: Exporting data using exporter:'json' of className:'org.apache.jmeter.report.dashboard.JsonExporter'
2024-05-10 09:50:27,059 INFO o.a.j.r.d.JsonExporter: Found data for consumer statisticsSummary in context
2024-05-10 09:50:27,060 INFO o.a.j.r.d.JsonExporter: Creating statistics for overall
2024-05-10 09:50:27,060 INFO o.a.j.r.d.JsonExporter: Creating statistics for other transactions
2024-05-10 09:50:27,060 INFO o.a.j.r.d.JsonExporter: Checking output folder
2024-05-10 09:50:27,061 INFO o.a.j.r.d.JsonExporter: Writing statistics JSON to C:\Users\L41561691R\curso\vs code\git\testing_qa_logirail\Pruebas\informe\statistics.json
2024-05-10 09:50:27,119 INFO o.a.j.r.d.ReportGenerator: Exporting data using exporter:'html' of className:'org.apache.jmeter.report.dashboard.HtmlTemplateExporter'
2024-05-10 09:50:27,123 INFO o.a.j.r.d.HtmlTemplateExporter: Will generate dashboard in folder: C:\Users\L41561691R\curso\vs code\git\testing_qa_logirail\Pruebas\informe
2024-05-10 09:50:27,301 INFO o.a.j.r.d.HtmlTemplateExporter: Report will be generated in: C:\Users\L41561691R\curso\vs code\git\testing_qa_logirail\Pruebas\informe, creating folder structure
2024-05-10 09:50:27,307 INFO o.a.j.r.d.TemplateVisitor: Copying folder from 'C:\Users\L41561691R\curso\apache-jmeter-5.6.3\apache-jmeter-5.6.3\bin\report-template' to 'C:\Users\L41561691R\curso\vs code\git\testing_qa_logirail\Pruebas\informe', got message: C:\Users\L41561691R\curso\vs code\git\testing_qa_logirail\Pruebas\informe, found non empty folder with following content [C:\Users\L41561691R\curso\vs code\git\testing_qa_logirail\Pruebas\informe\statistics.json], will be ignored
2024-05-10 09:50:27,906 INFO o.a.j.JMeter: Dashboard generated
